<?xml version="1.0" encoding="UTF-8" ?>
<testsuite tests="14" failures="0" name="TestSuite" time="3.151" errors="0" skipped="0">
  <properties>
[...]
</properties>
  <testcase classname="org.wso2.pc.integration.tests.publisher.LoginTestCase" name="loginPublisher" time="0.013"/>
  <testcase classname="org.wso2.pc.integration.tests.publisher.PublisherAuditLogTestCase" name="addProcess" time="0.057"/>
  <testcase classname="org.wso2.pc.integration.tests.publisher.PublisherAuditLogTestCase" name="getLogs" time="2.057"/>
  <testcase classname="org.wso2.pc.integration.tests.publisher.PublisherAuditLogTestCase" name="getLogs" time="0.037"/>
  <testcase classname="org.wso2.pc.integration.tests.publisher.AddProcessTestCase" name="addProcess" time="0.052"/>
  <testcase classname="org.wso2.pc.integration.tests.publisher.ProcessTextTestCase" name="addProcessText" time="0.026"/>
  <testcase classname="org.wso2.pc.integration.tests.publisher.ProcessTextTestCase" name="getProcessText" time="0.03"/>
  <testcase classname="org.wso2.pc.integration.tests.publisher.InterProcessAssociationsTestCase" name="addProcess" time="0.112"/>
  <testcase classname="org.wso2.pc.integration.tests.publisher.InterProcessAssociationsTestCase" name="predecessorTest" time="0.298"/>
  <testcase classname="org.wso2.pc.integration.tests.publisher.InterProcessAssociationsTestCase" name="successorProcessTest" time="0.154"/>
  <testcase classname="org.wso2.pc.integration.tests.publisher.InterProcessAssociationsTestCase" name="subProcessTest" time="0.115"/>
  <testcase classname="org.wso2.pc.integration.tests.publisher.AssociateBPMNTestCase" name="addProcess" time="0.061"/>
  <testcase classname="org.wso2.pc.integration.tests.publisher.AssociateBPMNTestCase" name="uploadBPMN" time="0.057"/>
  <testcase classname="org.wso2.pc.integration.tests.publisher.AssociateBPMNTestCase" name="checkBPMN" time="0.082"/>
</testsuite>