<?xml version="1.0" encoding="UTF-8"?>
<!-- Generated by org.testng.reporters.JUnitXMLReporter -->
<testsuite hostname="sameerag-ThinkPad-T540p" name="Process-Tests" tests="14" failures="0" timestamp="24 May 2016 01:01:12 GMT" time="5.348" errors="0">
  <testcase name="loginPublisher" time="0.011" classname="org.wso2.pc.integration.tests.publisher.LoginTestCase"/>
  <testcase name="addProcess" time="0.055" classname="org.wso2.pc.integration.tests.publisher.PublisherAuditLogTestCase"/>
  <testcase name="getLogs" time="2.064" classname="org.wso2.pc.integration.tests.publisher.PublisherAuditLogTestCase"/>
  <testcase name="getLogs" time="0.037" classname="org.wso2.pc.integration.tests.publisher.PublisherAuditLogTestCase"/>
  <testcase name="addProcess" time="0.053" classname="org.wso2.pc.integration.tests.publisher.AddProcessTestCase"/>
  <testcase name="addProcessText" time="0.026" classname="org.wso2.pc.integration.tests.publisher.ProcessTextTestCase"/>
  <testcase name="getProcessText" time="0.029" classname="org.wso2.pc.integration.tests.publisher.ProcessTextTestCase"/>
  <testcase name="addProcess" time="0.113" classname="org.wso2.pc.integration.tests.publisher.InterProcessAssociationsTestCase"/>
  <testcase name="predecessorTest" time="0.298" classname="org.wso2.pc.integration.tests.publisher.InterProcessAssociationsTestCase"/>
  <testcase name="successorProcessTest" time="0.155" classname="org.wso2.pc.integration.tests.publisher.InterProcessAssociationsTestCase"/>
  <testcase name="subProcessTest" time="0.114" classname="org.wso2.pc.integration.tests.publisher.InterProcessAssociationsTestCase"/>
  <testcase name="addProcess" time="0.059" classname="org.wso2.pc.integration.tests.publisher.AssociateBPMNTestCase"/>
  <testcase name="uploadBPMN" time="0.058" classname="org.wso2.pc.integration.tests.publisher.AssociateBPMNTestCase"/>
  <testcase name="checkBPMN" time="0.082" classname="org.wso2.pc.integration.tests.publisher.AssociateBPMNTestCase"/>
</testsuite> <!-- Process-Tests -->
